info it worked if it ends with ok
verbose cli [ 'node', '/usr/bin/npm', 'publish' ]
info using npm@1.1.21
info using node@v0.6.18
verbose /usr/bin/node node symlink
verbose config file /home/juzer/.npmrc
verbose config file /usr/etc/npmrc
verbose config file /usr/lib/nodejs/npm/npmrc
verbose publish [ '.' ]
verbose caching /home/juzer/Desktop/icecream-parlor/package.json
verbose loadDefaults derby-kitchen-sink-example@0.0.0
info prepublish derby-kitchen-sink-example@0.0.0
verbose cache add [ '.', null ]
silly cache add: name, spec, args [ undefined, '.', [ '.', null ] ]
verbose parsed url { pathname: '.', path: '.', href: '.' }
verbose caching package.json
verbose loadDefaults derby-kitchen-sink-example@0.0.0
verbose tar.pack [ '/tmp/npm-1338010053313/1338010053313-0.021781036630272865/tmp.tgz',
verbose tar.pack   '.' ]
verbose tarball /tmp/npm-1338010053313/1338010053313-0.021781036630272865/tmp.tgz
verbose folder .
verbose unpack /tmp/npm-1338010053313/1338010053313-0.021781036630272865/tmp.tgz
silly gunzTarPerm modes [ '755', '644' ]
silly extracting entry package.json
silly extracting entry .npmignore
silly modified mode [ '.npmignore', 436, 420 ]
silly extracting entry README.md
silly modified mode [ 'README.md', 436, 420 ]
silly extracting entry server.js
silly extracting entry public/gen/rLcX-xQtHd0jxgBdoZTAtg.js
silly modified mode [ 'public/gen/rLcX-xQtHd0jxgBdoZTAtg.js', 436, 420 ]
silly extracting entry lib/app/home.js
silly extracting entry lib/app/shared.js
silly extracting entry lib/app/index.js
silly extracting entry lib/app/bid.js
silly extracting entry lib/server/index.js
silly extracting entry lib/server/serverError.js
silly extracting entry styles/app/index.styl
silly extracting entry styles/404.styl
silly extracting entry styles/base.styl
silly extracting entry styles/reset.styl
silly extracting entry views/app/bid.html
silly extracting entry views/app/home.html
silly extracting entry views/app/index.html
silly extracting entry views/app/shared.html
silly extracting entry views/404.html
verbose caching /tmp/npm-1338010053313/1338010053313-0.021781036630272865/package/package.json
verbose loadDefaults derby-kitchen-sink-example@0.0.0
verbose from cache /tmp/npm-1338010053313/1338010053313-0.021781036630272865/package/package.json
verbose tar.pack [ '/home/juzer/.npm/derby-kitchen-sink-example/0.0.0/package.tgz',
verbose tar.pack   '/tmp/npm-1338010053313/1338010053313-0.021781036630272865/package' ]
verbose tarball /home/juzer/.npm/derby-kitchen-sink-example/0.0.0/package.tgz
verbose folder /tmp/npm-1338010053313/1338010053313-0.021781036630272865/package
verbose unpack /home/juzer/.npm/derby-kitchen-sink-example/0.0.0/package.tgz
silly gunzTarPerm modes [ '755', '644' ]
silly extracting entry package.json
silly extracting entry .npmignore
silly extracting entry README.md
silly extracting entry server.js
silly extracting entry public/gen/rLcX-xQtHd0jxgBdoZTAtg.js
silly extracting entry lib/app/home.js
silly extracting entry lib/app/shared.js
silly extracting entry lib/app/index.js
silly extracting entry lib/app/bid.js
silly extracting entry lib/server/index.js
silly extracting entry lib/server/serverError.js
silly extracting entry styles/app/index.styl
silly extracting entry styles/404.styl
silly extracting entry styles/base.styl
silly extracting entry styles/reset.styl
silly extracting entry views/app/bid.html
silly extracting entry views/app/home.html
silly extracting entry views/app/index.html
silly extracting entry views/app/shared.html
silly extracting entry views/404.html
verbose caching /home/juzer/.npm/derby-kitchen-sink-example/0.0.0/package/package.json
verbose loadDefaults derby-kitchen-sink-example@0.0.0
silly updated sha bytes 40960
silly updated sha bytes 40960
silly updated sha bytes 10755
info shasum 771707d90b0e8155403c6f290925278f2da91d9a
info shasum /home/juzer/.npm/derby-kitchen-sink-example/0.0.0/package.tgz
verbose from cache /home/juzer/.npm/derby-kitchen-sink-example/0.0.0/package/package.json
verbose chmod /home/juzer/.npm/derby-kitchen-sink-example/0.0.0/package.tgz 644
verbose chown [ '/home/juzer/.npm/derby-kitchen-sink-example/0.0.0/package.tgz',
verbose chown   1000,
verbose chown   1000 ]
silly publish { name: 'derby-kitchen-sink-example',
silly publish   description: 'Demo of Derby features',
silly publish   version: '0.0.0',
silly publish   main: './server.js',
silly publish   dependencies: { derby: '*', express: '3.x', gzippo: '>=0.1.4' },
silly publish   private: true,
silly publish   devDependencies: { 'coffee-script': '>=1.3.1' },
silly publish   _id: 'derby-kitchen-sink-example@0.0.0',
silly publish   scripts: { start: 'node server.js' },
silly publish   optionalDependencies: {},
silly publish   engines: { node: '*' },
silly publish   _engineSupported: true,
silly publish   _npmVersion: '1.1.21',
silly publish   _nodeVersion: 'v0.6.18',
silly publish   _defaultsLoaded: true,
silly publish   dist: { shasum: '771707d90b0e8155403c6f290925278f2da91d9a' } }
ERR! Error: This package has been marked as private
ERR! Remove the 'private' field from the package.json to publish it.
ERR!     at publish_ (/usr/lib/nodejs/npm/lib/publish.js:74:31)
ERR!     at Array.1 (/usr/lib/nodejs/npm/node_modules/slide/lib/bind-actor.js:15:8)
ERR!     at LOOP (/usr/lib/nodejs/npm/node_modules/slide/lib/chain.js:15:13)
ERR!     at LOOP (/usr/lib/nodejs/npm/node_modules/slide/lib/chain.js:14:28)
ERR!     at chain (/usr/lib/nodejs/npm/node_modules/slide/lib/chain.js:20:4)
ERR!     at /usr/lib/nodejs/npm/lib/publish.js:53:5
ERR!     at cb (/usr/lib/nodejs/npm/lib/cache.js:574:12)
ERR!     at /usr/lib/nodejs/npm/lib/cache.js:721:13
ERR!     at cb (/usr/lib/nodejs/npm/node_modules/slide/lib/async-map.js:48:11)
ERR!     at Object.oncomplete (/usr/lib/nodejs/npm/node_modules/graceful-fs/graceful-fs.js:230:7)
ERR! You may report this log at:
ERR!     <http://github.com/isaacs/npm/issues>
ERR! or email it to:
ERR!     <npm-@googlegroups.com>
ERR! 
ERR! System Linux 3.0.0-20-generic-pae
ERR! command "node" "/usr/bin/npm" "publish"
ERR! cwd /home/juzer/Desktop/icecream-parlor
ERR! node -v v0.6.18
ERR! npm -v 1.1.21
ERR! message This package has been marked as private
ERR! message Remove the 'private' field from the package.json to publish it.
verbose exit [ 1, true ]
